2023-06-05 22:31:34 - Page accessed: index
2023-06-05 22:31:38 - Page accessed: dashboard
2023-06-05 22:32:25 - Page accessed: dashboard
2023-06-06 20:19:59 - Page accessed: index
2023-06-06 20:20:01 - Page accessed: contact
2023-06-06 20:48:13 - Page accessed: index

2023-06-06 22:10:12 - Page accessed: survey
2023-06-06 22:10:13 - Page accessed: survey
2023-06-06 22:11:18 - Page accessed: dashboard

2023-06-06 22:57:36 - Page accessed: index
2023-06-17 10:11:27 - Page accessed: index
2023-06-17 10:11:37 - Page accessed: index
2023-06-17 10:12:33 - Page accessed: index
2023-06-17 10:12:35 - Page accessed: contact
2023-06-17 10:12:44 - Page accessed: contact
2023-06-17 10:12:45 - Page accessed: more
2023-06-17 10:12:45 - Page accessed: index
2023-06-17 10:12:46 - Page accessed: gallery
2023-06-17 11:52:09 - Page accessed: index
2023-06-17 21:31:20 - Page accessed: index
2023-06-17 21:31:24 - Page accessed: contact
2023-06-17 21:31:34 - Page accessed: contact
2023-06-17 21:31:35 - Page accessed: contact
2023-06-17 21:31:37 - Page accessed: gallery
2023-06-17 21:31:38 - Page accessed: author
2023-06-17 21:31:39 - Page accessed: login
2023-06-17 21:31:39 - Page accessed: /index.php?page=login
2023-06-17 21:31:39 - Page accessed: register
2023-06-17 21:31:40 - Page accessed: index
2023-06-17 21:31:41 - Page accessed: contact
2023-06-17 21:31:42 - Page accessed: contact
2023-06-17 21:31:44 - Page accessed: more
2023-06-17 21:31:58 - Page accessed: index
2023-06-17 21:31:59 - Page accessed: contact
2023-06-17 21:32:04 - Page accessed: index
2023-06-17 21:32:17 - Page accessed: index
2023-06-17 21:32:22 - Page accessed: author
2023-06-17 21:32:35 - Page accessed: author
2023-06-17 21:32:38 - Page accessed: index
2023-06-17 21:32:41 - Page accessed: index
2023-06-17 21:32:48 - Page accessed: index
2023-06-17 21:32:52 - Page accessed: contact
2023-06-17 21:32:55 - Page accessed: gallery
2023-06-17 21:32:59 - Page accessed: login
2023-06-17 21:32:59 - Page accessed: /index.php?page=login
2023-06-17 21:33:07 - Page accessed: login
2023-06-17 21:33:08 - Page accessed: dashboard
2023-06-17 21:33:14 - Page accessed: dashboard
2023-06-17 21:33:16 - Page accessed: dashboard
2023-06-17 21:33:21 - Page accessed: index-user
2023-06-17 21:33:27 - Page accessed: dashboard
2023-06-17 21:33:29 - Page accessed: index-post
2023-06-17 21:33:38 - Page accessed: author
2023-06-17 21:33:40 - Page accessed: dashboard
2023-06-17 21:33:42 - Page accessed: dashboard
2023-06-17 21:33:49 - Page accessed: index-topic
2023-06-17 21:33:57 - Page accessed: index
2023-06-17 21:33:59 - Page accessed: contact
2023-06-17 21:34:01 - Page accessed: more
2023-06-17 21:34:01 - Page accessed: index
2023-06-17 21:34:04 - Page accessed: more
2023-06-17 21:34:07 - Page accessed: more
2023-06-17 21:34:09 - Page accessed: author
2023-06-17 21:34:11 - Page accessed: dashboard
2023-06-17 21:34:13 - Page accessed: survey
2023-06-17 21:34:15 - Page accessed: dashboard
2023-06-17 21:34:32 - Page accessed: index-user
2023-06-17 21:34:38 - Page accessed: create-user
2023-06-17 21:34:42 - Page accessed: index
2023-06-17 21:34:58 - Page accessed: index
2023-06-17 21:35:00 - Page accessed: contact
2023-06-17 21:35:05 - Page accessed: index
2023-06-17 21:35:13 - Page accessed: index
2023-06-17 21:35:53 - Page accessed: index
2023-06-17 21:35:54 - Page accessed: contact
2023-06-17 21:35:57 - Page accessed: index
2023-06-17 21:35:58 - Page accessed: contact
2023-06-17 21:35:58 - Page accessed: more
2023-06-17 21:35:59 - Page accessed: index
2023-06-17 21:36:00 - Page accessed: gallery
2023-06-17 21:36:08 - Page accessed: gallery
2023-06-17 21:36:09 - Page accessed: author
2023-06-17 21:36:11 - Page accessed: gallery
2023-06-17 21:36:24 - Page accessed: dashboard
2023-06-17 21:36:29 - Page accessed: index
2023-06-17 21:36:31 - Page accessed: index
2023-06-17 21:36:33 - Page accessed: contact
2023-06-17 21:36:39 - Page accessed: index
2023-06-17 21:42:16 - Page accessed: index
2023-06-17 21:42:32 - Page accessed: contact
2023-06-17 21:42:34 - Page accessed: contact
2023-06-17 21:42:35 - Page accessed: index
2023-06-17 21:42:40 - Page accessed: contact
2023-06-17 21:42:41 - Page accessed: more
2023-06-17 21:42:42 - Page accessed: index
2023-06-17 21:42:43 - Page accessed: gallery
2023-06-17 21:42:44 - Page accessed: author
2023-06-17 21:42:46 - Page accessed: survey
2023-06-17 21:42:47 - Page accessed: dashboard
2023-06-17 21:42:50 - Page accessed: author
2023-06-17 21:42:51 - Page accessed: more
2023-06-17 21:42:51 - Page accessed: index
2023-06-17 21:42:52 - Page accessed: contact
2023-06-17 21:42:54 - Page accessed: index
2023-06-17 21:42:57 - Page accessed: index
2023-06-17 21:43:08 - Page accessed: index
2023-06-17 21:43:09 - Page accessed: index
2023-06-17 21:43:15 - Page accessed: index
2023-06-17 21:43:20 - Page accessed: index
2023-06-17 21:43:27 - Page accessed: more
2023-06-17 21:43:32 - Page accessed: index
2023-06-17 21:43:34 - Page accessed: more
2023-06-17 21:43:37 - Page accessed: index
2023-06-17 21:43:48 - Page accessed: more.php
2023-06-17 21:43:51 - Page accessed: more
2023-06-17 21:44:01 - Page accessed: index
2023-06-17 21:44:02 - Page accessed: author
2023-06-17 21:44:06 - Page accessed: dashboard
2023-06-17 21:44:08 - Page accessed: logout
2023-06-17 21:44:08 - Page accessed: index
2023-06-17 21:44:10 - Page accessed: register
2023-06-17 21:44:13 - Page accessed: gallery
2023-06-17 21:44:13 - Page accessed: more
2023-06-17 21:44:14 - Page accessed: index
2023-06-17 21:44:15 - Page accessed: contact
2023-06-17 21:44:16 - Page accessed: more
2023-06-17 21:44:16 - Page accessed: index
2023-06-17 21:44:19 - Page accessed: more
2023-06-17 21:44:20 - Page accessed: more
2023-06-17 21:44:21 - Page accessed: index
2023-06-17 21:44:24 - Page accessed: more
2023-06-17 21:44:25 - Page accessed: index
2023-06-17 21:44:26 - Page accessed: contact
2023-06-17 21:44:27 - Page accessed: more
2023-06-17 21:44:28 - Page accessed: index
2023-06-17 21:44:30 - Page accessed: more
2023-06-17 21:44:30 - Page accessed: index
2023-06-17 21:44:31 - Page accessed: gallery
2023-06-17 21:44:37 - Page accessed: more
2023-06-17 21:44:37 - Page accessed: index
2023-06-17 21:44:38 - Page accessed: author
2023-06-17 21:44:41 - Page accessed: login
2023-06-17 21:44:41 - Page accessed: /index.php?page=login
2023-06-17 21:44:47 - Page accessed: login
2023-06-17 21:44:47 - Page accessed: /index.php?page=login
2023-06-17 21:44:51 - Page accessed: login
2023-06-17 21:44:51 - Page accessed: /index.php?page=login
2023-06-17 21:44:53 - Page accessed: login
2023-06-17 21:44:53 - Page accessed: /index.php?page=login
2023-06-17 21:44:57 - Page accessed: login
2023-06-17 21:44:57 - Page accessed: /index.php?page=login
2023-06-17 21:44:59 - Page accessed: index
2023-06-17 21:45:00 - Page accessed: register
2023-06-17 21:45:16 - Page accessed: index
2023-06-17 21:45:19 - Page accessed: index
2023-06-17 21:45:23 - Page accessed: contact
2023-06-17 21:45:24 - Page accessed: index
2023-06-17 21:45:42 - Page accessed: index
2023-06-17 21:45:51 - Page accessed: index
2023-06-17 21:45:59 - Page accessed: contact
2023-06-17 21:46:00 - Page accessed: index
2023-06-17 21:46:04 - Page accessed: index
2023-06-17 21:46:08 - Page accessed: register
2023-06-17 21:46:11 - Page accessed: index
2023-06-17 21:46:13 - Page accessed: index
2023-06-17 21:46:24 - Page accessed: index
2023-06-17 21:46:28 - Page accessed: contact
2023-06-17 21:46:39 - Page accessed: index
2023-06-19 09:37:11 - Page accessed: index
2023-06-19 09:37:36 - Page accessed: contact
2023-06-19 09:37:40 - Page accessed: index
2023-06-19 09:39:51 - Page accessed: contact
2023-06-19 09:39:59 - Page accessed: index
2023-06-19 09:40:15 - Page accessed: contact
2023-06-19 09:40:18 - Page accessed: index
2023-06-19 09:40:22 - Page accessed: contact
2023-06-19 09:40:25 - Page accessed: index
2023-06-19 09:44:14 - Page accessed: index
2023-06-19 09:44:25 - Page accessed: login
2023-06-19 09:44:25 - Page accessed: /index.php?page=login
2023-06-19 09:44:50 - Page accessed: login
2023-06-19 09:44:50 - Page accessed: index
2023-06-19 09:44:56 - Page accessed: index
2023-06-19 09:45:44 - Page accessed: index
2023-06-19 09:45:49 - Page accessed: index
2023-06-19 09:45:58 - Page accessed: index
2023-06-20 01:07:33 - Page accessed: index
2023-06-20 01:07:35 - Page accessed: contact
2023-06-20 01:07:38 - Page accessed: contact
2023-06-20 01:09:46 - Page accessed: contact
2023-06-20 01:09:47 - Page accessed: more
2023-06-20 01:09:47 - Page accessed: index
2023-06-20 01:09:50 - Page accessed: more
2023-06-20 01:09:57 - Page accessed: index
2023-06-20 01:10:01 - Page accessed: index
2023-06-20 01:10:02 - Page accessed: index
2023-06-20 01:10:04 - Page accessed: more
2023-06-20 01:10:08 - Page accessed: index
2023-06-20 01:10:12 - Page accessed: index
2023-06-20 01:10:18 - Page accessed: gallery
2023-06-20 01:10:20 - Page accessed: author
2023-06-20 01:10:21 - Page accessed: login
2023-06-20 01:10:21 - Page accessed: /index.php?page=login
2023-06-20 01:10:26 - Page accessed: register
2023-06-20 01:10:27 - Page accessed: login
2023-06-20 01:10:27 - Page accessed: /index.php?page=login
2023-06-20 01:12:19 - Page accessed: login
2023-06-20 01:12:19 - Page accessed: /index.php?page=login
2023-06-20 01:13:09 - Page accessed: login
2023-06-20 01:13:09 - Page accessed: /index.php?page=login
2023-06-20 01:13:42 - Page accessed: login
2023-06-20 01:13:43 - Page accessed: /index.php?page=login
2023-06-20 01:14:58 - Page accessed: login
2023-06-20 01:14:58 - Page accessed: index
2023-06-20 01:15:02 - Page accessed: more
2023-06-20 01:15:04 - Page accessed: index
2023-06-20 01:15:10 - Page accessed: index
2023-06-20 01:15:10 - Page accessed: index
2023-06-20 01:15:22 - Page accessed: index
2023-06-20 01:15:24 - Page accessed: index
2023-06-20 01:16:08 - Page accessed: more
2023-06-20 01:16:10 - Page accessed: index
2023-06-20 01:16:14 - Page accessed: more.php
2023-06-20 01:16:17 - Page accessed: more.php
2023-06-20 01:16:19 - Page accessed: more.php
2023-06-20 01:16:23 - Page accessed: more
2023-06-20 01:16:23 - Page accessed: index
2023-06-20 01:16:25 - Page accessed: gallery
2023-06-20 01:16:28 - Page accessed: gallery
2023-06-20 01:16:30 - Page accessed: more
2023-06-20 01:16:31 - Page accessed: index
2023-06-20 01:16:36 - Page accessed: index
2023-06-20 01:16:36 - Page accessed: index
2023-06-20 01:16:37 - Page accessed: index
2023-06-20 01:16:37 - Page accessed: index
2023-06-20 01:16:37 - Page accessed: index
2023-06-20 01:16:37 - Page accessed: index
2023-06-20 01:16:38 - Page accessed: index
2023-06-20 01:16:38 - Page accessed: index
2023-06-20 01:16:38 - Page accessed: index
2023-06-20 01:16:38 - Page accessed: index
2023-06-20 01:16:38 - Page accessed: index
2023-06-20 01:16:38 - Page accessed: index
2023-06-20 01:16:39 - Page accessed: index
2023-06-20 01:16:40 - Page accessed: index
2023-06-20 01:16:40 - Page accessed: index
2023-06-20 01:16:40 - Page accessed: index
2023-06-20 01:16:40 - Page accessed: index
2023-06-20 01:16:40 - Page accessed: index
2023-06-20 01:16:41 - Page accessed: index
2023-06-20 01:16:41 - Page accessed: index
2023-06-20 01:16:41 - Page accessed: index
2023-06-20 01:16:41 - Page accessed: index
2023-06-20 01:16:41 - Page accessed: index
2023-06-20 01:16:41 - Page accessed: index
2023-06-20 01:16:42 - Page accessed: index
2023-06-20 01:16:42 - Page accessed: index
2023-06-20 01:16:42 - Page accessed: index
2023-06-20 01:16:42 - Page accessed: index
2023-06-20 01:16:42 - Page accessed: index
2023-06-20 01:16:43 - Page accessed: index
2023-06-20 01:16:43 - Page accessed: index
2023-06-20 01:16:43 - Page accessed: index
2023-06-20 01:16:44 - Page accessed: index
2023-06-20 01:16:44 - Page accessed: index
2023-06-20 01:16:44 - Page accessed: index
2023-06-20 01:16:44 - Page accessed: index
2023-06-20 01:16:45 - Page accessed: index
2023-06-20 01:17:51 - Page accessed: admin
2023-06-20 01:18:25 - Page accessed: index
2023-06-20 01:18:27 - Page accessed: contact
2023-06-20 01:18:48 - Page accessed: contact
2023-06-20 01:18:49 - Page accessed: more
2023-06-20 01:18:49 - Page accessed: index
2023-06-20 01:18:50 - Page accessed: contact
2023-06-20 01:18:51 - Page accessed: index
2023-06-20 01:18:57 - Page accessed: index
2023-06-20 01:18:57 - Page accessed: index
2023-06-20 01:18:58 - Page accessed: index
2023-06-20 01:18:58 - Page accessed: index
2023-06-20 01:18:58 - Page accessed: index
2023-06-20 01:18:58 - Page accessed: index
2023-06-20 01:18:59 - Page accessed: index
2023-06-20 01:18:59 - Page accessed: index
2023-06-20 01:18:59 - Page accessed: index
2023-06-20 01:18:59 - Page accessed: index
2023-06-20 01:18:59 - Page accessed: index
2023-06-20 01:18:59 - Page accessed: index
2023-06-20 01:19:00 - Page accessed: index
2023-06-20 01:19:00 - Page accessed: index
2023-06-20 01:19:00 - Page accessed: index
2023-06-20 01:19:00 - Page accessed: index
2023-06-20 01:19:01 - Page accessed: index
2023-06-20 01:19:01 - Page accessed: index
2023-06-20 01:19:01 - Page accessed: index
2023-06-20 01:19:01 - Page accessed: index
2023-06-20 01:19:02 - Page accessed: index
2023-06-20 01:19:06 - Page accessed: gallery
2023-06-20 01:19:07 - Page accessed: author
2023-06-20 01:19:30 - Page accessed: logout
2023-06-20 01:19:30 - Page accessed: index
2023-06-20 01:19:36 - Page accessed: login
2023-06-20 01:19:36 - Page accessed: /index.php?page=login
2023-06-20 01:19:42 - Page accessed: login
2023-06-20 01:19:42 - Page accessed: dashboard
2023-06-20 01:19:45 - Page accessed: dashboard
2023-06-20 01:19:49 - Page accessed: index-user
2023-06-20 01:19:53 - Page accessed: dashboard
2023-06-20 01:19:54 - Page accessed: index-topic
2023-06-20 01:19:56 - Page accessed: dashboard
2023-08-23 15:29:10 - Page accessed: index
2023-08-23 15:29:12 - Page accessed: index
2023-08-23 15:29:12 - Page accessed: index
2023-08-23 15:29:15 - Page accessed: contact
2023-08-23 15:29:16 - Page accessed: index
2023-08-23 15:29:24 - Page accessed: login
2023-08-23 15:29:24 - Page accessed: /index.php?page=login
2023-08-23 15:29:29 - Page accessed: login
2023-08-23 15:29:30 - Page accessed: dashboard
2023-08-23 15:29:34 - Page accessed: index
2023-08-23 15:29:38 - Page accessed: index
2023-08-23 15:29:38 - Page accessed: index
2023-08-23 15:29:40 - Page accessed: index
2023-08-23 15:29:40 - Page accessed: index
2023-08-23 15:29:40 - Page accessed: index
2023-08-23 15:30:50 - Page accessed: index
2023-08-23 15:30:55 - Page accessed: index
2023-08-23 15:30:58 - Page accessed: index
2023-08-23 15:31:00 - Page accessed: index
2023-08-23 15:31:01 - Page accessed: index
2023-08-23 15:31:01 - Page accessed: index
2023-08-23 15:32:04 - Page accessed: index
2023-08-23 15:32:07 - Page accessed: contact
2023-08-23 15:32:08 - Page accessed: contact
2023-08-23 15:32:09 - Page accessed: index
2023-08-23 15:32:12 - Page accessed: index
2023-08-23 15:33:47 - Page accessed: index
2023-08-23 15:33:49 - Page accessed: index
2023-08-23 15:33:49 - Page accessed: index
2023-08-23 15:34:34 - Page accessed: index
2023-08-23 15:34:37 - Page accessed: index
2023-08-23 15:34:38 - Page accessed: index
2023-08-23 15:35:19 - Page accessed: index
2023-08-23 15:35:20 - Page accessed: index
2023-08-23 15:35:21 - Page accessed: index
2023-08-23 15:36:21 - Page accessed: index
2023-08-23 15:36:23 - Page accessed: index
2023-08-23 15:36:23 - Page accessed: index
2023-08-23 15:37:08 - Page accessed: index
2023-08-23 15:37:09 - Page accessed: index
2023-08-23 15:37:10 - Page accessed: index
2023-08-23 15:39:29 - Page accessed: index
2023-08-23 15:39:30 - Page accessed: index
2023-08-23 15:39:31 - Page accessed: index
2023-08-23 15:39:54 - Page accessed: index
2023-08-23 15:39:56 - Page accessed: index
2023-08-23 15:40:03 - Page accessed: index
2023-08-23 15:41:12 - Page accessed: index
2023-08-23 15:41:14 - Page accessed: index
2023-08-23 15:41:16 - Page accessed: index
2023-08-23 15:41:21 - Page accessed: index
2023-08-23 15:41:21 - Page accessed: index
2023-08-23 15:41:22 - Page accessed: index
2023-08-23 15:44:13 - Page accessed: index
2023-08-23 15:44:15 - Page accessed: index
2023-08-23 15:44:23 - Page accessed: index
2023-08-23 15:47:55 - Page accessed: index
2023-08-23 15:47:56 - Page accessed: index
2023-08-23 15:48:05 - Page accessed: index
2023-08-23 15:49:21 - Page accessed: index
2023-08-23 15:49:23 - Page accessed: index
2023-08-23 15:49:44 - Page accessed: index
2023-08-23 15:49:45 - Page accessed: index
2023-08-23 15:49:46 - Page accessed: index
2023-08-23 15:49:50 - Page accessed: index
2023-08-23 15:49:51 - Page accessed: index
2023-08-23 15:49:51 - Page accessed: index
2023-08-23 15:49:56 - Page accessed: index
2023-08-23 15:49:56 - Page accessed: index
2023-08-23 15:49:56 - Page accessed: index
2023-08-23 15:49:56 - Page accessed: index
2023-08-23 15:49:57 - Page accessed: index
2023-08-23 15:49:57 - Page accessed: index
2023-08-23 15:49:58 - Page accessed: index
2023-08-23 15:49:58 - Page accessed: index
2023-08-23 15:49:59 - Page accessed: index
2023-08-23 15:50:03 - Page accessed: index
2023-08-23 15:51:13 - Page accessed: index
2023-08-23 15:51:15 - Page accessed: index
2023-08-23 15:52:29 - Page accessed: index
2023-08-23 15:52:30 - Page accessed: index
2023-08-23 15:52:31 - Page accessed: index
2023-08-23 15:52:35 - Page accessed: index
2023-08-23 15:52:39 - Page accessed: index
2023-08-23 15:52:40 - Page accessed: index
2023-08-23 15:52:40 - Page accessed: index
2023-08-23 15:52:40 - Page accessed: index
2023-08-23 15:52:45 - Page accessed: index
2023-08-23 15:52:45 - Page accessed: index
2023-08-23 15:52:46 - Page accessed: index
2023-08-23 15:52:46 - Page accessed: index
2023-08-23 15:53:28 - Page accessed: index
2023-08-23 15:53:31 - Page accessed: index
2023-08-23 15:53:36 - Page accessed: index
2023-08-23 15:53:36 - Page accessed: index
2023-08-23 15:53:36 - Page accessed: index
2023-08-23 15:53:37 - Page accessed: index
2023-08-23 15:53:37 - Page accessed: index
2023-08-23 15:53:44 - Page accessed: index
2023-08-23 15:54:10 - Page accessed: index
2023-08-28 10:39:56 - Page accessed: index
2023-08-28 10:40:04 - Page accessed: index
2023-08-28 10:40:12 - Page accessed: index
2023-08-28 12:35:11 - Page accessed: index
